[ERROR] 2020-07-13 09:28:56,421 method:com.laz.filesync.server.handler.MsgServerHandler.exceptionCaught(MsgServerHandler.java:96)
错误原因：远程主机强迫关闭了一个现有的连接。
[ERROR] 2020-07-13 09:29:20,092 method:com.laz.filesync.server.handler.MsgServerHandler.exceptionCaught(MsgServerHandler.java:96)
错误原因：readerIndex(0) + length(1024) exceeds writerIndex(104): PooledUnsafeDirectByteBuf(ridx: 0, widx: 104, cap: 1024)
[ERROR] 2020-07-13 09:33:40,487 method:com.laz.filesync.server.handler.FileServerHandler.exceptionCaught(FileServerHandler.java:46)
错误原因：readerIndex(0) + length(1024) exceeds writerIndex(104): PooledUnsafeDirectByteBuf(ridx: 0, widx: 104, cap: 1024)
[ERROR] 2020-07-13 09:37:16,758 method:com.laz.filesync.client.handler.MsgClientHandler.exceptionCaught(MsgClientHandler.java:172)
错误原因：远程主机强迫关闭了一个现有的连接。
[ERROR] 2020-07-13 10:55:37,519 method:com.laz.filesync.server.handler.FileServerHandler.exceptionCaught(FileServerHandler.java:34)
错误原因：远程主机强迫关闭了一个现有的连接。
[ERROR] 2020-07-13 10:56:02,086 method:com.laz.filesync.server.handler.FileServerHandler.exceptionCaught(FileServerHandler.java:34)
错误原因：远程主机强迫关闭了一个现有的连接。
[ERROR] 2020-07-13 10:56:16,448 method:com.laz.filesync.client.handler.MsgClientHandler.exceptionCaught(MsgClientHandler.java:172)
错误原因：远程主机强迫关闭了一个现有的连接。
[ERROR] 2020-07-13 10:57:28,570 method:com.laz.filesync.client.handler.MsgClientHandler.exceptionCaught(MsgClientHandler.java:172)
错误原因：远程主机强迫关闭了一个现有的连接。
[ERROR] 2020-07-13 10:58:38,479 method:com.laz.filesync.client.handler.MsgClientHandler.exceptionCaught(MsgClientHandler.java:172)
错误原因：远程主机强迫关闭了一个现有的连接。
[ERROR] 2020-07-13 11:00:40,937 method:com.laz.filesync.client.handler.MsgClientHandler.exceptionCaught(MsgClientHandler.java:172)
错误原因：远程主机强迫关闭了一个现有的连接。
[ERROR] 2020-07-13 11:02:24,406 method:com.laz.filesync.server.handler.MsgServerHandler.exceptionCaught(MsgServerHandler.java:97)
错误原因：Adjusted frame length exceeds 1048576: 1347093256 - discarded
[ERROR] 2020-07-13 11:12:07,716 method:com.laz.filesync.server.handler.MsgServerHandler.exceptionCaught(MsgServerHandler.java:97)
错误原因：Adjusted frame length exceeds 1048576: 1347093256 - discarded
[ERROR] 2020-07-13 11:13:54,083 method:com.laz.filesync.server.handler.MsgServerHandler.exceptionCaught(MsgServerHandler.java:97)
错误原因：Adjusted frame length exceeds 1048576: 1347093256 - discarded
[ERROR] 2020-07-13 11:15:06,466 method:com.laz.filesync.server.handler.MsgServerHandler.exceptionCaught(MsgServerHandler.java:97)
错误原因：Adjusted frame length exceeds 1048576: 1347093256 - discarded
[ERROR] 2020-07-13 11:15:36,683 method:com.laz.filesync.server.handler.MsgServerHandler.exceptionCaught(MsgServerHandler.java:97)
错误原因：Adjusted frame length exceeds 1048576: 1347093256 - discarded
[ERROR] 2020-07-13 11:17:46,138 method:com.laz.filesync.server.handler.MsgServerHandler.exceptionCaught(MsgServerHandler.java:97)
错误原因：Adjusted frame length exceeds 1048576: 1347093256 - discarded
[ERROR] 2020-07-13 11:19:46,171 method:com.laz.filesync.client.handler.MsgClientHandler.exceptionCaught(MsgClientHandler.java:172)
错误原因：远程主机强迫关闭了一个现有的连接。
[ERROR] 2020-07-13 11:57:35,012 method:com.laz.filesync.server.handler.FileServerHandler.exceptionCaught(FileServerHandler.java:34)
错误原因：远程主机强迫关闭了一个现有的连接。
[ERROR] 2020-07-13 17:55:26,821 method:com.laz.filesync.client.handler.MsgClientHandler.exceptionCaught(MsgClientHandler.java:200)
错误原因：Cannot assign requested address: connect: /127.0.0.1:0
[ERROR] 2020-07-13 18:01:03,188 method:com.laz.filesync.server.handler.MsgServerHandler.exceptionCaught(MsgServerHandler.java:125)
错误原因：远程主机强迫关闭了一个现有的连接。
[ERROR] 2020-07-13 18:07:55,886 method:com.laz.filesync.server.handler.MsgServerHandler.exceptionCaught(MsgServerHandler.java:125)
错误原因：远程主机强迫关闭了一个现有的连接。
[ERROR] 2020-07-13 18:09:22,746 method:com.laz.filesync.server.handler.MsgServerHandler.exceptionCaught(MsgServerHandler.java:125)
错误原因：远程主机强迫关闭了一个现有的连接。
[ERROR] 2020-07-13 18:10:18,908 method:com.laz.filesync.server.handler.MsgServerHandler.exceptionCaught(MsgServerHandler.java:125)
错误原因：远程主机强迫关闭了一个现有的连接。
[ERROR] 2020-07-13 18:10:55,721 method:com.laz.filesync.server.handler.MsgServerHandler.exceptionCaught(MsgServerHandler.java:125)
错误原因：远程主机强迫关闭了一个现有的连接。
[ERROR] 2020-07-13 18:12:42,262 method:com.laz.filesync.client.handler.MsgClientHandler.exceptionCaught(MsgClientHandler.java:206)
错误原因：远程主机强迫关闭了一个现有的连接。
[ERROR] 2020-07-13 18:14:00,506 method:com.laz.filesync.server.handler.MsgServerHandler.exceptionCaught(MsgServerHandler.java:125)
错误原因：远程主机强迫关闭了一个现有的连接。
[ERROR] 2020-07-13 18:14:45,268 method:com.laz.filesync.server.handler.MsgServerHandler.exceptionCaught(MsgServerHandler.java:125)
错误原因：远程主机强迫关闭了一个现有的连接。
[ERROR] 2020-07-13 18:15:15,668 method:com.laz.filesync.client.handler.MsgClientHandler.exceptionCaught(MsgClientHandler.java:206)
错误原因：远程主机强迫关闭了一个现有的连接。
